This file contains any messages produced by compilers while
running configure, to aid debugging if configure makes a mistake.

It was created by po2bats configure 0.1.0, which was
generated by GNU Autoconf 2.69.  Invocation command line was

  $ /home/kim/workspace/po2bats-autotools/configure 

## --------- ##
## Platform. ##
## --------- ##

hostname = localhost.localdomain
uname -m = x86_64
uname -r = 4.17.11-200.fc28.x86_64
uname -s = Linux
uname -v = #1 SMP Mon Jul 30 15:21:09 UTC 2018

/usr/bin/uname -p = x86_64
/bin/uname -X     = unknown

/bin/arch              = x86_64
/usr/bin/arch -k       = unknown
/usr/convex/getsysinfo = unknown
/usr/bin/hostinfo      = unknown
/bin/machine           = unknown
/usr/bin/oslevel       = unknown
/bin/universe          = unknown

PATH: /usr/share/Modules/bin
PATH: /usr/lib64/ccache
PATH: /usr/local/bin
PATH: /usr/local/sbin
PATH: /usr/bin
PATH: /usr/sbin
PATH: /home/kim/.local/bin
PATH: /home/kim/bin


## ----------- ##
## Core tests. ##
## ----------- ##

configure:2020: checking build system type
configure:2034: result: x86_64-pc-linux-gnu
configure:2054: checking host system type
configure:2067: result: x86_64-pc-linux-gnu
configure:2087: checking target system type
configure:2100: result: x86_64-pc-linux-gnu
configure:2143: checking for a BSD-compatible install
configure:2211: result: /usr/bin/install -c
configure:2222: checking whether build environment is sane
configure:2277: result: yes
configure:2428: checking for a thread-safe mkdir -p
configure:2467: result: /usr/bin/mkdir -p
configure:2474: checking for gawk
configure:2490: found /usr/bin/gawk
configure:2501: result: gawk
configure:2512: checking whether make sets $(MAKE)
configure:2534: result: yes
configure:2563: checking whether make supports nested variables
configure:2580: result: yes
configure:2775: checking for a sed that does not truncate output
configure:2839: result: /usr/bin/sed
configure:2845: checking whether NLS is requested
configure:2854: result: yes
configure:2894: checking for msgfmt
configure: trying /usr/bin/msgfmt...
0 translated messages.
configure:2926: result: /usr/bin/msgfmt
configure:2935: checking for gmsgfmt
configure:2966: result: /usr/bin/msgfmt
configure:3016: checking for xgettext
configure: trying /usr/bin/xgettext...
/usr/bin/xgettext: warning: file '/dev/null' extension '' is unknown; will try C
configure:3048: result: /usr/bin/xgettext
configure:3093: checking for msgmerge
configure: trying /usr/bin/msgmerge...
configure:3124: result: /usr/bin/msgmerge
configure:3169: checking for style of include used by make
configure:3197: result: GNU
configure:3268: checking for gcc
configure:3284: found /usr/lib64/ccache/gcc
configure:3295: result: gcc
configure:3524: checking for C compiler version
configure:3533: gcc --version >&5
gcc (GCC) 8.1.1 20180712 (Red Hat 8.1.1-5)
Copyright (C) 2018 Free Software Foundation, Inc.
This is free software; see the source for copying conditions.  There is NO
warranty; not even for MERCHANTABILITY or FITNESS FOR A PARTICULAR PURPOSE.

configure:3544: $? = 0
configure:3533: gcc -v >&5
Using built-in specs.
COLLECT_GCC=/usr/bin/gcc
COLLECT_LTO_WRAPPER=/usr/libexec/gcc/x86_64-redhat-linux/8/lto-wrapper
OFFLOAD_TARGET_NAMES=nvptx-none
OFFLOAD_TARGET_DEFAULT=1
Target: x86_64-redhat-linux
Configured with: ../configure --enable-bootstrap --enable-languages=c,c++,fortran,objc,obj-c++,ada,go,lto --prefix=/usr --mandir=/usr/share/man --infodir=/usr/share/info --with-bugurl=http://bugzilla.redhat.com/bugzilla --enable-shared --enable-threads=posix --enable-checking=release --enable-multilib --with-system-zlib --enable-__cxa_atexit --disable-libunwind-exceptions --enable-gnu-unique-object --enable-linker-build-id --with-gcc-major-version-only --with-linker-hash-style=gnu --enable-plugin --enable-initfini-array --with-isl --enable-libmpx --enable-offload-targets=nvptx-none --without-cuda-driver --enable-gnu-indirect-function --enable-cet --with-tune=generic --with-arch_32=i686 --build=x86_64-redhat-linux
Thread model: posix
gcc version 8.1.1 20180712 (Red Hat 8.1.1-5) (GCC) 
configure:3544: $? = 0
configure:3533: gcc -V >&5
gcc: error: unrecognized command line option '-V'
gcc: fatal error: no input files
compilation terminated.
configure:3544: $? = 1
configure:3533: gcc -qversion >&5
gcc: error: unrecognized command line option '-qversion'; did you mean '--version'?
gcc: fatal error: no input files
compilation terminated.
configure:3544: $? = 1
configure:3564: checking whether the C compiler works
configure:3586: gcc    conftest.c  >&5
configure:3590: $? = 0
configure:3638: result: yes
configure:3641: checking for C compiler default output file name
configure:3643: result: a.out
configure:3649: checking for suffix of executables
configure:3656: gcc -o conftest    conftest.c  >&5
configure:3660: $? = 0
configure:3682: result: 
configure:3704: checking whether we are cross compiling
configure:3712: gcc -o conftest    conftest.c  >&5
configure:3716: $? = 0
configure:3723: ./conftest
configure:3727: $? = 0
configure:3742: result: no
configure:3747: checking for suffix of object files
configure:3769: gcc -c   conftest.c >&5
configure:3773: $? = 0
configure:3794: result: o
configure:3798: checking whether we are using the GNU C compiler
configure:3817: gcc -c   conftest.c >&5
configure:3817: $? = 0
configure:3826: result: yes
configure:3835: checking whether gcc accepts -g
configure:3855: gcc -c -g  conftest.c >&5
configure:3855: $? = 0
configure:3896: result: yes
configure:3913: checking for gcc option to accept ISO C89
configure:3976: gcc  -c -g -O2  conftest.c >&5
configure:3976: $? = 0
configure:3989: result: none needed
configure:4014: checking whether gcc understands -c and -o together
configure:4036: gcc -c conftest.c -o conftest2.o
configure:4039: $? = 0
configure:4036: gcc -c conftest.c -o conftest2.o
configure:4039: $? = 0
configure:4051: result: yes
configure:4070: checking dependency style of gcc
configure:4181: result: none
configure:4221: checking for ld used by gcc
configure:4288: result: /usr/bin/ld
configure:4295: checking if the linker (/usr/bin/ld) is GNU ld
configure:4310: result: yes
configure:4317: checking for shared library run path origin
configure:4330: result: done
configure:4355: checking how to run the C preprocessor
configure:4386: gcc -E  conftest.c
configure:4386: $? = 0
configure:4400: gcc -E  conftest.c
conftest.c:11:10: fatal error: ac_nonexistent.h: No such file or directory
 #include <ac_nonexistent.h>
          ^~~~~~~~~~~~~~~~~~
compilation terminated.
configure:4400: $? = 1
configure: failed program was:
| /* confdefs.h */
| #define PACKAGE_NAME "po2bats"
| #define PACKAGE_TARNAME "po2bats"
| #define PACKAGE_VERSION "0.1.0"
| #define PACKAGE_STRING "po2bats 0.1.0"
| #define PACKAGE_BUGREPORT "kim <kimkim19642004@yahoo.co.jp>"
| #define PACKAGE_URL "https://github.com/kimkim19642004/po2bats-autotools"
| #define PACKAGE "po2bats"
| #define VERSION "0.1.0"
| /* end confdefs.h.  */
| #include <ac_nonexistent.h>
configure:4425: result: gcc -E
configure:4445: gcc -E  conftest.c
configure:4445: $? = 0
configure:4459: gcc -E  conftest.c
conftest.c:11:10: fatal error: ac_nonexistent.h: No such file or directory
 #include <ac_nonexistent.h>
          ^~~~~~~~~~~~~~~~~~
compilation terminated.
configure:4459: $? = 1
configure: failed program was:
| /* confdefs.h */
| #define PACKAGE_NAME "po2bats"
| #define PACKAGE_TARNAME "po2bats"
| #define PACKAGE_VERSION "0.1.0"
| #define PACKAGE_STRING "po2bats 0.1.0"
| #define PACKAGE_BUGREPORT "kim <kimkim19642004@yahoo.co.jp>"
| #define PACKAGE_URL "https://github.com/kimkim19642004/po2bats-autotools"
| #define PACKAGE "po2bats"
| #define VERSION "0.1.0"
| /* end confdefs.h.  */
| #include <ac_nonexistent.h>
configure:4488: checking for grep that handles long lines and -e
configure:4546: result: /usr/bin/grep
configure:4551: checking for egrep
configure:4613: result: /usr/bin/grep -E
configure:5171: checking for CFPreferencesCopyAppValue
configure:5189: gcc -o conftest -g -O2   conftest.c  -Wl,-framework -Wl,CoreFoundation >&5
conftest.c:11:10: fatal error: CoreFoundation/CFPreferences.h: No such file or directory
 #include <CoreFoundation/CFPreferences.h>
          ^~~~~~~~~~~~~~~~~~~~~~~~~~~~~~~~
compilation terminated.
configure:5189: $? = 1
configure: failed program was:
| /* confdefs.h */
| #define PACKAGE_NAME "po2bats"
| #define PACKAGE_TARNAME "po2bats"
| #define PACKAGE_VERSION "0.1.0"
| #define PACKAGE_STRING "po2bats 0.1.0"
| #define PACKAGE_BUGREPORT "kim <kimkim19642004@yahoo.co.jp>"
| #define PACKAGE_URL "https://github.com/kimkim19642004/po2bats-autotools"
| #define PACKAGE "po2bats"
| #define VERSION "0.1.0"
| /* end confdefs.h.  */
| #include <CoreFoundation/CFPreferences.h>
| int
| main ()
| {
| CFPreferencesCopyAppValue(NULL, NULL)
|   ;
|   return 0;
| }
configure:5198: result: no
configure:5205: checking for CFLocaleCopyCurrent
configure:5223: gcc -o conftest -g -O2   conftest.c  -Wl,-framework -Wl,CoreFoundation >&5
conftest.c:11:10: fatal error: CoreFoundation/CFLocale.h: No such file or directory
 #include <CoreFoundation/CFLocale.h>
          ^~~~~~~~~~~~~~~~~~~~~~~~~~~
compilation terminated.
configure:5223: $? = 1
configure: failed program was:
| /* confdefs.h */
| #define PACKAGE_NAME "po2bats"
| #define PACKAGE_TARNAME "po2bats"
| #define PACKAGE_VERSION "0.1.0"
| #define PACKAGE_STRING "po2bats 0.1.0"
| #define PACKAGE_BUGREPORT "kim <kimkim19642004@yahoo.co.jp>"
| #define PACKAGE_URL "https://github.com/kimkim19642004/po2bats-autotools"
| #define PACKAGE "po2bats"
| #define VERSION "0.1.0"
| /* end confdefs.h.  */
| #include <CoreFoundation/CFLocale.h>
| int
| main ()
| {
| CFLocaleCopyCurrent();
|   ;
|   return 0;
| }
configure:5232: result: no
configure:5281: checking for GNU gettext in libc
configure:5310: gcc -o conftest -g -O2   conftest.c  >&5
configure:5310: $? = 0
configure:5319: result: yes
configure:6166: checking whether to use NLS
configure:6168: result: yes
configure:6171: checking where the gettext function comes from
configure:6182: result: libc
configure:6387: checking that generated files are newer than configure
configure:6393: result: done
configure:6416: creating ./config.status

## ---------------------- ##
## Running config.status. ##
## ---------------------- ##

This file was extended by po2bats config.status 0.1.0, which was
generated by GNU Autoconf 2.69.  Invocation command line was

  CONFIG_FILES    = 
  CONFIG_HEADERS  = 
  CONFIG_LINKS    = 
  CONFIG_COMMANDS = 
  $ ./config.status 

on localhost.localdomain

config.status:962: creating Makefile
config.status:962: creating src/Makefile
config.status:962: creating src/po2bats.sh
config.status:962: creating po/Makefile.in
config.status:1134: executing tests/atconfig commands
config.status:1134: executing po-directories commands
config.status:1134: executing depfiles commands

## ---------------- ##
## Cache variables. ##
## ---------------- ##

ac_cv_build=x86_64-pc-linux-gnu
ac_cv_c_compiler_gnu=yes
ac_cv_env_CC_set=
ac_cv_env_CC_value=
ac_cv_env_CFLAGS_set=
ac_cv_env_CFLAGS_value=
ac_cv_env_CPPFLAGS_set=
ac_cv_env_CPPFLAGS_value=
ac_cv_env_CPP_set=
ac_cv_env_CPP_value=
ac_cv_env_LDFLAGS_set=
ac_cv_env_LDFLAGS_value=
ac_cv_env_LIBS_set=
ac_cv_env_LIBS_value=
ac_cv_env_build_alias_set=
ac_cv_env_build_alias_value=
ac_cv_env_host_alias_set=
ac_cv_env_host_alias_value=
ac_cv_env_target_alias_set=
ac_cv_env_target_alias_value=
ac_cv_host=x86_64-pc-linux-gnu
ac_cv_objext=o
ac_cv_path_EGREP='/usr/bin/grep -E'
ac_cv_path_GMSGFMT=/usr/bin/msgfmt
ac_cv_path_GREP=/usr/bin/grep
ac_cv_path_MSGFMT=/usr/bin/msgfmt
ac_cv_path_MSGMERGE=/usr/bin/msgmerge
ac_cv_path_SED=/usr/bin/sed
ac_cv_path_XGETTEXT=/usr/bin/xgettext
ac_cv_path_install='/usr/bin/install -c'
ac_cv_path_mkdir=/usr/bin/mkdir
ac_cv_prog_AWK=gawk
ac_cv_prog_CPP='gcc -E'
ac_cv_prog_ac_ct_CC=gcc
ac_cv_prog_cc_c89=
ac_cv_prog_cc_g=yes
ac_cv_prog_make_make_set=yes
ac_cv_target=x86_64-pc-linux-gnu
acl_cv_hardcode_direct=no
acl_cv_hardcode_libdir_flag_spec='${wl}-rpath ${wl}$libdir'
acl_cv_hardcode_libdir_separator=
acl_cv_hardcode_minus_L=no
acl_cv_libext=a
acl_cv_libname_spec='lib$name'
acl_cv_library_names_spec='$libname$shrext'
acl_cv_path_LD=/usr/bin/ld
acl_cv_prog_gnu_ld=yes
acl_cv_rpath=done
acl_cv_shlibext=so
acl_cv_wl=-Wl,
am_cv_CC_dependencies_compiler_type=none
am_cv_make_support_nested_variables=yes
am_cv_prog_cc_c_o=yes
gt_cv_func_CFLocaleCopyCurrent=no
gt_cv_func_CFPreferencesCopyAppValue=no
gt_cv_func_gnugettext1_libc=yes

## ----------------- ##
## Output variables. ##
## ----------------- ##

	$(AM_V_GEN)cd $(top_builddir) && $(SHELL) ./config.status $(AX_GNU_AUTOTEST_V_quiet_flag)$@
	$(AM_V_GEN)cd $(top_builddir) && $(SHELL) ./config.status $(AX_GNU_AUTOTEST_V_quiet_flag)$@
	$(AM_V_GEN)cd $(top_builddir) && $(SHELL) ./config.status $(AX_GNU_AUTOTEST_V_quiet_flag)$@
	$(AM_V_GEN)cd $(top_builddir) && $(SHELL) ./config.status $(AX_GNU_AUTOTEST_V_quiet_flag)$@
	$(AM_V_GEN)cd $(top_srcdir) && $(AUTOCONF) -f
	$(AM_V_GEN)cd $(top_srcdir) && $(AUTOCONF) -f
	$(AM_V_GEN)cd $(top_srcdir) && $(AUTOCONF) -f
	$(AM_V_GEN)cd $(top_srcdir) && $(AUTOCONF) -f
	$(AX_GNU_AUTOTEST_V_RUN)$(SHELL) $(srcdir)/tests/testsuite -C tests $(AX_GNU_AUTOTEST_FLAGS) $(AX_GNU_AUTOTEST_CHECK_FLAGS) $(AX_GNU_AUTOTEST_FLAGS_tests) $(AX_GNU_AUTOTEST_CHECK_FLAGS_tests) $(AX_GNU_AUTOTEST_FLAGS_tests_testsuite) $(AX_GNU_AUTOTEST_CHECK_FLAGS_tests_testsuite)
	$(AX_GNU_AUTOTEST_V_RUN)$(SHELL) $(srcdir)/tests/testsuite -C tests $(AX_GNU_AUTOTEST_FLAGS) $(AX_GNU_AUTOTEST_CHECK_FLAGS) $(AX_GNU_AUTOTEST_FLAGS_tests) $(AX_GNU_AUTOTEST_CHECK_FLAGS_tests) $(AX_GNU_AUTOTEST_FLAGS_tests_testsuite) $(AX_GNU_AUTOTEST_CHECK_FLAGS_tests_testsuite)
	$(AX_GNU_AUTOTEST_V_RUN)$(SHELL) $(srcdir)/tests/testsuite -C tests AUTOTEST_PATH=$(DESTDIR)$(bindir) $(AX_GNU_AUTOTEST_FLAGS) $(AX_GNU_AUTOTEST_INSTALLCHECK_FLAGS) $(AX_GNU_AUTOTEST_FLAGS_tests) $(AX_GNU_AUTOTEST_INSTALLCHECK_FLAGS_tests) $(AX_GNU_AUTOTEST_FLAGS_tests_testsuite) $(AX_GNU_AUTOTEST_INSTALLCHECK_FLAGS_tests_testsuite)
	$(AX_GNU_AUTOTEST_V_RUN)$(SHELL) $(srcdir)/tests/testsuite -C tests AUTOTEST_PATH=$(DESTDIR)$(bindir) $(AX_GNU_AUTOTEST_FLAGS) $(AX_GNU_AUTOTEST_INSTALLCHECK_FLAGS) $(AX_GNU_AUTOTEST_FLAGS_tests) $(AX_GNU_AUTOTEST_INSTALLCHECK_FLAGS_tests) $(AX_GNU_AUTOTEST_FLAGS_tests_testsuite) $(AX_GNU_AUTOTEST_INSTALLCHECK_FLAGS_tests_testsuite)
	$(AX_GNU_AUTOTEST_V_RUN)$(SHELL) $(srcdir)/testsuite $(AX_GNU_AUTOTEST_FLAGS) $(AX_GNU_AUTOTEST_CHECK_FLAGS) $(AX_GNU_AUTOTEST_FLAGS_testsuite) $(AX_GNU_AUTOTEST_CHECK_FLAGS_testsuite)
	$(AX_GNU_AUTOTEST_V_RUN)$(SHELL) $(srcdir)/testsuite $(AX_GNU_AUTOTEST_FLAGS) $(AX_GNU_AUTOTEST_CHECK_FLAGS) $(AX_GNU_AUTOTEST_FLAGS_testsuite) $(AX_GNU_AUTOTEST_CHECK_FLAGS_testsuite)
	$(AX_GNU_AUTOTEST_V_RUN)$(SHELL) $(srcdir)/testsuite AUTOTEST_PATH=$(DESTDIR)$(bindir) $(AX_GNU_AUTOTEST_FLAGS) $(AX_GNU_AUTOTEST_INSTALLCHECK_FLAGS) $(AX_GNU_AUTOTEST_FLAGS_testsuite) $(AX_GNU_AUTOTEST_INSTALLCHECK_FLAGS_testsuite)
	$(AX_GNU_AUTOTEST_V_RUN)$(SHELL) $(srcdir)/testsuite AUTOTEST_PATH=$(DESTDIR)$(bindir) $(AX_GNU_AUTOTEST_FLAGS) $(AX_GNU_AUTOTEST_INSTALLCHECK_FLAGS) $(AX_GNU_AUTOTEST_FLAGS_testsuite) $(AX_GNU_AUTOTEST_INSTALLCHECK_FLAGS_testsuite)
	-$(SHELL) $(srcdir)/tests/testsuite -C tests -c
	-$(SHELL) $(srcdir)/tests/testsuite -C tests -c
	-$(SHELL) $(srcdir)/testsuite -c
	-$(SHELL) $(srcdir)/testsuite -c
	-rm -f atconfig
	-rm -f tests/atconfig
 check-autotest-tests installcheck-autotest-tests clean-autotest-tests\
 check-autotest-tests installcheck-autotest-tests clean-autotest-tests\
 check-autotest-tests-testsuite installcheck-autotest-tests-testsuite clean-autotest-tests-testsuite
 check-autotest-tests-testsuite installcheck-autotest-tests-testsuite clean-autotest-tests-testsuite
 check-autotest-tests-testsuite installcheck-autotest-tests-testsuite clean-autotest-tests-testsuite'
 check-autotest-tests-testsuite installcheck-autotest-tests-testsuite clean-autotest-tests-testsuite'
 tests/testsuite.at'
 tests/testsuite.at'
 tests/testsuite\
 tests/testsuite\
 testsuite.at'
 testsuite.at'
 testsuite\
 testsuite\
$(srcdir)/tests/testsuite: $(top_srcdir)/configure.ac $(srcdir)/tests/testsuite.at $(srcdir)/tests/package.m4
$(srcdir)/tests/testsuite: $(top_srcdir)/configure.ac $(srcdir)/tests/testsuite.at $(srcdir)/tests/package.m4
$(srcdir)/testsuite: $(top_srcdir)/configure.ac $(srcdir)/testsuite.at $(srcdir)/package.m4
$(srcdir)/testsuite: $(top_srcdir)/configure.ac $(srcdir)/testsuite.at $(srcdir)/package.m4
.PHONY: check-autotest installcheck-autotest clean-autotest\
.PHONY: check-autotest installcheck-autotest clean-autotest\
.PHONY: check-autotest installcheck-autotest clean-autotest\
.PHONY: check-autotest installcheck-autotest clean-autotest\
.PHONY: distclean-autotest
.PHONY: distclean-autotest
.PHONY: distclean-autotest
ACLOCAL='${SHELL} /home/kim/workspace/po2bats-autotools/missing aclocal-1.15'
AMDEPBACKSLASH='\'
AMDEP_FALSE='#'
AMDEP_TRUE=''
AMTAR='$${TAR-tar}'
AM_BACKSLASH='\'
AM_DEFAULT_V='$(AM_DEFAULT_VERBOSITY)'
AM_DEFAULT_VERBOSITY='1'
AM_V='$(V)'
AUTOCONF='${SHELL} /home/kim/workspace/po2bats-autotools/missing autoconf'
AUTOHEADER='${SHELL} /home/kim/workspace/po2bats-autotools/missing autoheader'
AUTOMAKE='${SHELL} /home/kim/workspace/po2bats-autotools/missing automake-1.15'
AWK='gawk'
AX_GNU_AUTOTEST_DCLEAN='tests/atconfig'
AX_GNU_AUTOTEST_DCLEAN_tests='atconfig'
AX_GNU_AUTOTEST_DEFAULT='AX_GNU_AUTOTEST_V_RUN = $(_AX_GNU_AUTOTEST_v_RUN_$(V))
AX_GNU_AUTOTEST_DEFAULT_tests='AX_GNU_AUTOTEST_V_RUN = $(_AX_GNU_AUTOTEST_v_RUN_$(V))
AX_GNU_AUTOTEST_DIST='tests/package.m4\
AX_GNU_AUTOTEST_DIST_tests='package.m4\
AX_GNU_AUTOTEST_RULES='AX_GNU_AUTOTEST_V_RUN = $(_AX_GNU_AUTOTEST_v_RUN_$(V))
AX_GNU_AUTOTEST_RULES_tests='AX_GNU_AUTOTEST_V_RUN = $(_AX_GNU_AUTOTEST_v_RUN_$(V))
AX_GNU_AUTOTEST_V_quiet_flag = $(_AX_GNU_AUTOTEST_v_quiet_flag_$(V))
AX_GNU_AUTOTEST_V_quiet_flag = $(_AX_GNU_AUTOTEST_v_quiet_flag_$(V))
AX_GNU_AUTOTEST_V_quiet_flag = $(_AX_GNU_AUTOTEST_v_quiet_flag_$(V))
AX_GNU_AUTOTEST_V_quiet_flag = $(_AX_GNU_AUTOTEST_v_quiet_flag_$(V))
AX_GNU_AUTOTEST_V_quiet_flag = $(_AX_GNU_AUTOTEST_v_quiet_flag_$(V))
CC='gcc'
CCDEPMODE='depmode=none'
CFLAGS='-g -O2'
CPP='gcc -E'
CPPFLAGS=''
CYGPATH_W='echo'
DEFS='-DPACKAGE_NAME=\"po2bats\" -DPACKAGE_TARNAME=\"po2bats\" -DPACKAGE_VERSION=\"0.1.0\" -DPACKAGE_STRING=\"po2bats\ 0.1.0\" -DPACKAGE_BUGREPORT=\"kim\ \<kimkim19642004@yahoo.co.jp\>\" -DPACKAGE_URL=\"https://github.com/kimkim19642004/po2bats-autotools\" -DPACKAGE=\"po2bats\" -DVERSION=\"0.1.0\" -DENABLE_NLS=1 -DHAVE_GETTEXT=1 -DHAVE_DCGETTEXT=1'
DEPDIR='.deps'
ECHO_C=''
ECHO_N='-n'
ECHO_T=''
EGREP='/usr/bin/grep -E'
EXEEXT=''
EXTRA_DIST += package.m4\
EXTRA_DIST += tests/package.m4\
GETTEXT_MACRO_VERSION='0.19'
GMSGFMT='/usr/bin/msgfmt'
GMSGFMT_015='/usr/bin/msgfmt'
GREP='/usr/bin/grep'
INSTALL_DATA='${INSTALL} -m 644'
INSTALL_PROGRAM='${INSTALL}'
INSTALL_SCRIPT='${INSTALL}'
INSTALL_STRIP_PROGRAM='$(install_sh) -c -s'
INTLLIBS=''
INTL_MACOSX_LIBS=''
LDFLAGS=''
LIBICONV='-liconv'
LIBINTL=''
LIBOBJS=''
LIBS=''
LTLIBICONV='-liconv'
LTLIBINTL=''
LTLIBOBJS=''
MAKEINFO='${SHELL} /home/kim/workspace/po2bats-autotools/missing makeinfo'
MKDIR_P='/usr/bin/mkdir -p'
MSGFMT='/usr/bin/msgfmt'
MSGFMT_015='/usr/bin/msgfmt'
MSGMERGE='/usr/bin/msgmerge'
OBJEXT='o'
PACKAGE='po2bats'
PACKAGE_BUGREPORT='kim <kimkim19642004@yahoo.co.jp>'
PACKAGE_NAME='po2bats'
PACKAGE_STRING='po2bats 0.1.0'
PACKAGE_TARNAME='po2bats'
PACKAGE_URL='https://github.com/kimkim19642004/po2bats-autotools'
PACKAGE_VERSION='0.1.0'
PATH_SEPARATOR=':'
POSUB='po'
SED='/usr/bin/sed'
SET_MAKE=''
SHELL='/bin/sh'
STRIP=''
USE_NLS='yes'
VERSION='0.1.0'
XGETTEXT='/usr/bin/xgettext'
XGETTEXT_015='/usr/bin/xgettext'
XGETTEXT_EXTRA_OPTIONS=''
_AX_GNU_AUTOTEST_shared1='AX_GNU_AUTOTEST_V_RUN = $(_AX_GNU_AUTOTEST_v_RUN_$(V))
_AX_GNU_AUTOTEST_shared2='check: check-autotest
_AX_GNU_AUTOTEST_v_RUN_ = $(_AX_GNU_AUTOTEST_v_RUN_$(AM_DEFAULT_VERBOSITY))
_AX_GNU_AUTOTEST_v_RUN_ = $(_AX_GNU_AUTOTEST_v_RUN_$(AM_DEFAULT_VERBOSITY))
_AX_GNU_AUTOTEST_v_RUN_ = $(_AX_GNU_AUTOTEST_v_RUN_$(AM_DEFAULT_VERBOSITY))
_AX_GNU_AUTOTEST_v_RUN_ = $(_AX_GNU_AUTOTEST_v_RUN_$(AM_DEFAULT_VERBOSITY))
_AX_GNU_AUTOTEST_v_RUN_ = $(_AX_GNU_AUTOTEST_v_RUN_$(AM_DEFAULT_VERBOSITY))
_AX_GNU_AUTOTEST_v_RUN_0 = @echo "  RUN   " $<;
_AX_GNU_AUTOTEST_v_RUN_0 = @echo "  RUN   " $<;
_AX_GNU_AUTOTEST_v_RUN_0 = @echo "  RUN   " $<;
_AX_GNU_AUTOTEST_v_RUN_0 = @echo "  RUN   " $<;
_AX_GNU_AUTOTEST_v_RUN_0 = @echo "  RUN   " $<;
_AX_GNU_AUTOTEST_v_quiet_flag_ = $(_AX_GNU_AUTOTEST_v_quiet_flag_$(AM_DEFAULT_VERBOSITY))
_AX_GNU_AUTOTEST_v_quiet_flag_ = $(_AX_GNU_AUTOTEST_v_quiet_flag_$(AM_DEFAULT_VERBOSITY))
_AX_GNU_AUTOTEST_v_quiet_flag_ = $(_AX_GNU_AUTOTEST_v_quiet_flag_$(AM_DEFAULT_VERBOSITY))
_AX_GNU_AUTOTEST_v_quiet_flag_ = $(_AX_GNU_AUTOTEST_v_quiet_flag_$(AM_DEFAULT_VERBOSITY))
_AX_GNU_AUTOTEST_v_quiet_flag_ = $(_AX_GNU_AUTOTEST_v_quiet_flag_$(AM_DEFAULT_VERBOSITY))
_AX_GNU_AUTOTEST_v_quiet_flag_0 = -q # <- Note: trailing whitespace
_AX_GNU_AUTOTEST_v_quiet_flag_0 = -q # <- Note: trailing whitespace
_AX_GNU_AUTOTEST_v_quiet_flag_0 = -q # <- Note: trailing whitespace
_AX_GNU_AUTOTEST_v_quiet_flag_0 = -q # <- Note: trailing whitespace
_AX_GNU_AUTOTEST_v_quiet_flag_0 = -q # <- Note: trailing whitespace'
ac_ct_CC='gcc'
am__EXEEXT_FALSE=''
am__EXEEXT_TRUE='#'
am__fastdepCC_FALSE=''
am__fastdepCC_TRUE='#'
am__include='include'
am__isrc=''
am__leading_dot='.'
am__nodep='_no'
am__quote=''
am__tar='$${TAR-tar} chof - "$$tardir"'
am__untar='$${TAR-tar} xf -'
atconfig:
atconfig:
bindir='${exec_prefix}/bin'
build='x86_64-pc-linux-gnu'
build_alias=''
build_cpu='x86_64'
build_os='linux-gnu'
build_vendor='pc'
check-autotest-tests-testsuite: $(srcdir)/tests/testsuite tests/atconfig
check-autotest-tests-testsuite: $(srcdir)/tests/testsuite tests/atconfig
check-autotest-tests: check-autotest-tests-testsuite
check-autotest-tests: check-autotest-tests-testsuite
check-autotest-testsuite: $(srcdir)/testsuite atconfig
check-autotest-testsuite: $(srcdir)/testsuite atconfig
check-autotest: check-autotest-tests
check-autotest: check-autotest-tests
check-autotest: check-autotest-testsuite
check-autotest: check-autotest-testsuite
check: check-autotest
check: check-autotest
clean-autotest-tests-testsuite: $(srcdir)/tests/testsuite
clean-autotest-tests-testsuite: $(srcdir)/tests/testsuite
clean-autotest-tests: clean-autotest-tests-testsuite
clean-autotest-tests: clean-autotest-tests-testsuite
clean-autotest-testsuite: $(srcdir)/testsuite
clean-autotest-testsuite: $(srcdir)/testsuite
clean-autotest: clean-autotest-tests
clean-autotest: clean-autotest-tests
clean-autotest: clean-autotest-testsuite
clean-autotest: clean-autotest-testsuite
clean: clean-autotest
clean: clean-autotest
clean: clean-autotest
datadir='${datarootdir}'
datarootdir='${prefix}/share'
distclean-autotest: clean-autotest
distclean-autotest: clean-autotest
distclean-autotest: clean-autotest'
distclean: distclean-autotest
distclean: distclean-autotest
distclean: distclean-autotest
docdir='${datarootdir}/doc/${PACKAGE_TARNAME}'
dvidir='${docdir}'
exec_prefix='${prefix}'
host='x86_64-pc-linux-gnu'
host_alias=''
host_cpu='x86_64'
host_os='linux-gnu'
host_vendor='pc'
htmldir='${docdir}'
includedir='${prefix}/include'
infodir='${datarootdir}/info'
install_sh='${SHELL} /home/kim/workspace/po2bats-autotools/install-sh'
installcheck-autotest-tests-testsuite: $(srcdir)/tests/testsuite tests/atconfig
installcheck-autotest-tests-testsuite: $(srcdir)/tests/testsuite tests/atconfig
installcheck-autotest-tests: installcheck-autotest-tests-testsuite
installcheck-autotest-tests: installcheck-autotest-tests-testsuite
installcheck-autotest-testsuite: $(srcdir)/testsuite atconfig
installcheck-autotest-testsuite: $(srcdir)/testsuite atconfig
installcheck-autotest: installcheck-autotest-tests
installcheck-autotest: installcheck-autotest-tests
installcheck-autotest: installcheck-autotest-testsuite
installcheck-autotest: installcheck-autotest-testsuite
installcheck: installcheck-autotest
installcheck: installcheck-autotest
installcheck: installcheck-autotest
libdir='${exec_prefix}/lib'
libexecdir='${exec_prefix}/libexec'
localedir='${datarootdir}/locale'
localstatedir='${prefix}/var'
mandir='${datarootdir}/man'
mkdir_p='$(MKDIR_P)'
oldincludedir='/usr/include'
pdfdir='${docdir}'
prefix='/usr/local'
program_transform_name='s,x,x,'
psdir='${docdir}'
sbindir='${exec_prefix}/sbin'
sharedstatedir='${prefix}/com'
sysconfdir='${prefix}/etc'
target='x86_64-pc-linux-gnu'
target_alias=''
target_cpu='x86_64'
target_os='linux-gnu'
target_vendor='pc'
tests/atconfig:
tests/atconfig:

## ----------- ##
## confdefs.h. ##
## ----------- ##

/* confdefs.h */
#define PACKAGE_NAME "po2bats"
#define PACKAGE_TARNAME "po2bats"
#define PACKAGE_VERSION "0.1.0"
#define PACKAGE_STRING "po2bats 0.1.0"
#define PACKAGE_BUGREPORT "kim <kimkim19642004@yahoo.co.jp>"
#define PACKAGE_URL "https://github.com/kimkim19642004/po2bats-autotools"
#define PACKAGE "po2bats"
#define VERSION "0.1.0"
#define ENABLE_NLS 1
#define HAVE_GETTEXT 1
#define HAVE_DCGETTEXT 1

configure: exit 0
